[debug] [2021-08-28T15:10:15.781Z] ----------------------------------------------------------------------
[debug] [2021-08-28T15:10:15.783Z] Command:       C:\Program Files\nodejs\node.exe C:\Users\sweatha\AppData\Roaming\npm\node_modules\firebase-tools\lib\bin\firebase.js init
[debug] [2021-08-28T15:10:15.784Z] CLI Version:   9.16.6
[debug] [2021-08-28T15:10:15.784Z] Platform:      win32
[debug] [2021-08-28T15:10:15.784Z] Node Version:  v14.17.5
[debug] [2021-08-28T15:10:15.785Z] Time:          Sat Aug 28 2021 20:40:15 GMT+0530 (India Standard Time)
[debug] [2021-08-28T15:10:15.786Z] ----------------------------------------------------------------------
[debug] 
[debug] [2021-08-28T15:10:15.794Z] > command requires scopes: ["email","openid","https://www.googleapis.com/auth/cloudplatformprojects.readonly","https://www.googleapis.com/auth/firebase","https://www.googleapis.com/auth/cloud-platform"]
[debug] [2021-08-28T15:10:15.795Z] > authorizing via signed-in user (sweatharamesh02@gmail.com)
[info] 
     ######## #### ########  ######## ########     ###     ######  ########
     ##        ##  ##     ## ##       ##     ##  ##   ##  ##       ##
     ######    ##  ########  ######   ########  #########  ######  ######
     ##        ##  ##    ##  ##       ##     ## ##     ##       ## ##
     ##       #### ##     ## ######## ########  ##     ##  ######  ########

You're about to initialize a Firebase project in this directory:

  D:\ad

[info] 
=== Project Setup
[info] 
[info] First, let's associate this project directory with a Firebase project.
[info] You can create multiple project aliases by running firebase use --add, 
[info] but for now we'll just set up a default project.
[info] 
[debug] [2021-08-28T15:10:50.989Z] >>> [apiv2][query] GET https://firebase.googleapis.com/v1beta1/projects pageSize=100
[debug] [2021-08-28T15:10:53.657Z] <<< [apiv2][status] GET https://firebase.googleapis.com/v1beta1/projects 200
[debug] [2021-08-28T15:10:53.658Z] <<< [apiv2][body] GET https://firebase.googleapis.com/v1beta1/projects [omitted]
[info] i  Using project ootyflimcompany (OotyFlimCompany) 
[info] 
=== Hosting Setup
[info] 
[info] Your public directory is the folder (relative to your project directory) that
[info] will contain Hosting assets to be uploaded with firebase deploy. If you
[info] have a build process for your assets, use your build's output directory.
[info] 
